# JRE version: OpenJDK Runtime Environment (24.0.1+9) (build 24.0.1+9-30)
# Java VM: OpenJDK 64-Bit Server VM (24.0.1+9-30, mixed mode, emulated-client, sharing, tiered, compressed oops, compressed class ptrs, g1 gc, windows-amd64)
GC Precious Log:
 CardTable entry size: 512
 Card Set container configuration: InlinePtr #cards 5 size 8 Array Of Cards #cards 10 size 36 Howl #buckets 4 coarsen threshold 1843 Howl Bitmap #cards 512 size 80 coarsen threshold 460 Card regions per heap region 1 cards per card region 2048
 CPUs: 8 total, 8 available
 Memory: 8059M
 Large Page Support: Disabled
 NUMA Support: Disabled
 Compressed Oops: Enabled (32-bit)
 Heap Region Size: 1M
 Heap Min Capacity: 8M
 Heap Initial Capacity: 126M
 Heap Max Capacity: 2016M
 Pre-touch: Disabled
 Parallel Workers: 8
 Concurrent Workers: 2
 Concurrent Refinement Workers: 8
 Periodic GC: Disabled
Heap:
 garbage-first heap   total reserved 2064384K, committed 73728K, used 37932K [0x0000000082000000, 0x0000000100000000)
  region size 1024K, 4 young (4096K), 2 survivors (2048K)
 Metaspace       used 74407K, committed 75072K, reserved 1179648K
  class space    used 8361K, committed 8640K, reserved 1048576K
GC Heap History (20 events):
Event: 4.224 GC heap before
{Heap before GC invocations=8 (full 0):
 garbage-first heap   total reserved 2064384K, committed 61440K, used 29682K [0x0000000082000000, 0x0000000100000000)
  region size 1024K, 10 young (10240K), 3 survivors (3072K)
 Metaspace       used 35603K, committed 35968K, reserved 1114112K
  class space    used 3794K, committed 3968K, reserved 1048576K
}
Event: 4.230 GC heap after
{Heap after GC invocations=9 (full 0):
 garbage-first heap   total reserved 2064384K, committed 61440K, used 24095K [0x0000000082000000, 0x0000000100000000)
  region size 1024K, 3 young (3072K), 3 survivors (3072K)
 Metaspace       used 35603K, committed 35968K, reserved 1114112K
  class space    used 3794K, committed 3968K, reserved 1048576K
}
Event: 4.567 GC heap before
{Heap before GC invocations=10 (full 0):
 garbage-first heap   total reserved 2064384K, committed 61440K, used 48671K [0x0000000082000000, 0x0000000100000000)
  region size 1024K, 28 young (28672K), 3 survivors (3072K)
 Metaspace       used 39464K, committed 39936K, reserved 1114112K
  class space    used 4259K, committed 4416K, reserved 1048576K
}
Event: 4.570 GC heap after
{Heap after GC invocations=11 (full 0):
 garbage-first heap   total reserved 2064384K, committed 61440K, used 26202K [0x0000000082000000, 0x0000000100000000)
  region size 1024K, 3 young (3072K), 3 survivors (3072K)
 Metaspace       used 39464K, committed 39936K, reserved 1114112K
  class space    used 4259K, committed 4416K, reserved 1048576K
}
Event: 4.943 GC heap before
{Heap before GC invocations=11 (full 0):
 garbage-first heap   total reserved 2064384K, committed 61440K, used 50778K [0x0000000082000000, 0x0000000100000000)
  region size 1024K, 28 young (28672K), 3 survivors (3072K)
 Metaspace       used 45249K, committed 45760K, reserved 1114112K
  class space    used 4895K, committed 5120K, reserved 1048576K
}
Event: 4.946 GC heap after
{Heap after GC invocations=12 (full 0):
 garbage-first heap   total reserved 2064384K, committed 61440K, used 26959K [0x0000000082000000, 0x0000000100000000)
  region size 1024K, 4 young (4096K), 4 survivors (4096K)
 Metaspace       used 45249K, committed 45760K, reserved 1114112K
  class space    used 4895K, committed 5120K, reserved 1048576K
}
Event: 5.364 GC heap before
{Heap before GC invocations=12 (full 0):
 garbage-first heap   total reserved 2064384K, committed 61440K, used 51535K [0x0000000082000000, 0x0000000100000000)
  region size 1024K, 29 young (29696K), 4 survivors (4096K)
 Metaspace       used 51331K, committed 51840K, reserved 1114112K
  class space    used 5394K, committed 5632K, reserved 1048576K
}
Event: 5.367 GC heap after
{Heap after GC invocations=13 (full 0):
 garbage-first heap   total reserved 2064384K, committed 61440K, used 28431K [0x0000000082000000, 0x0000000100000000)
  region size 1024K, 3 young (3072K), 3 survivors (3072K)
 Metaspace       used 51331K, committed 51840K, reserved 1114112K
  class space    used 5394K, committed 5632K, reserved 1048576K
}
Event: 5.753 GC heap before
{Heap before GC invocations=13 (full 0):
 garbage-first heap   total reserved 2064384K, committed 61440K, used 51983K [0x0000000082000000, 0x0000000100000000)
  region size 1024K, 27 young (27648K), 3 survivors (3072K)
 Metaspace       used 58031K, committed 58496K, reserved 1114112K
  class space    used 6271K, committed 6464K, reserved 1048576K
}
Event: 5.756 GC heap after
{Heap after GC invocations=14 (full 0):
 garbage-first heap   total reserved 2064384K, committed 61440K, used 29600K [0x0000000082000000, 0x0000000100000000)
  region size 1024K, 3 young (3072K), 3 survivors (3072K)
 Metaspace       used 58031K, committed 58496K, reserved 1114112K
  class space    used 6271K, committed 6464K, reserved 1048576K
}
Event: 5.871 GC heap before
{Heap before GC invocations=14 (full 0):
 garbage-first heap   total reserved 2064384K, committed 61440K, used 35744K [0x0000000082000000, 0x0000000100000000)
  region size 1024K, 11 young (11264K), 3 survivors (3072K)
 Metaspace       used 59705K, committed 60160K, reserved 1114112K
  class space    used 6459K, committed 6656K, reserved 1048576K
}
Event: 5.874 GC heap after
{Heap after GC invocations=15 (full 0):
 garbage-first heap   total reserved 2064384K, committed 61440K, used 30085K [0x0000000082000000, 0x0000000100000000)
  region size 1024K, 2 young (2048K), 2 survivors (2048K)
 Metaspace       used 59705K, committed 60160K, reserved 1114112K
  class space    used 6459K, committed 6656K, reserved 1048576K
}
Event: 6.226 GC heap before
{Heap before GC invocations=16 (full 0):
 garbage-first heap   total reserved 2064384K, committed 61440K, used 54661K [0x0000000082000000, 0x0000000100000000)
  region size 1024K, 27 young (27648K), 2 survivors (2048K)
 Metaspace       used 63616K, committed 64128K, reserved 1114112K
  class space    used 6894K, committed 7104K, reserved 1048576K
}
Event: 6.229 GC heap after
{Heap after GC invocations=17 (full 0):
 garbage-first heap   total reserved 2064384K, committed 61440K, used 31881K [0x0000000082000000, 0x0000000100000000)
  region size 1024K, 4 young (4096K), 4 survivors (4096K)
 Metaspace       used 63616K, committed 64128K, reserved 1114112K
  class space    used 6894K, committed 7104K, reserved 1048576K
}
Event: 6.503 GC heap before
{Heap before GC invocations=17 (full 0):
 garbage-first heap   total reserved 2064384K, committed 61440K, used 53385K [0x0000000082000000, 0x0000000100000000)
  region size 1024K, 25 young (25600K), 4 survivors (4096K)
 Metaspace       used 66322K, committed 66944K, reserved 1114112K
  class space    used 7234K, committed 7488K, reserved 1048576K
}
Event: 6.508 GC heap after
{Heap after GC invocations=18 (full 0):
 garbage-first heap   total reserved 2064384K, committed 61440K, used 33342K [0x0000000082000000, 0x0000000100000000)
  region size 1024K, 4 young (4096K), 4 survivors (4096K)
 Metaspace       used 66322K, committed 66944K, reserved 1114112K
  class space    used 7234K, committed 7488K, reserved 1048576K
}
Event: 6.751 GC heap before
{Heap before GC invocations=18 (full 0):
 garbage-first heap   total reserved 2064384K, committed 61440K, used 53822K [0x0000000082000000, 0x0000000100000000)
  region size 1024K, 24 young (24576K), 4 survivors (4096K)
 Metaspace       used 67925K, committed 68608K, reserved 1114112K
  class space    used 7491K, committed 7808K, reserved 1048576K
}
Event: 6.756 GC heap after
{Heap after GC invocations=19 (full 0):
 garbage-first heap   total reserved 2064384K, committed 61440K, used 35687K [0x0000000082000000, 0x0000000100000000)
  region size 1024K, 3 young (3072K), 3 survivors (3072K)
 Metaspace       used 67925K, committed 68608K, reserved 1114112K
  class space    used 7491K, committed 7808K, reserved 1048576K
}
Event: 7.109 GC heap before
{Heap before GC invocations=20 (full 0):
 garbage-first heap   total reserved 2064384K, committed 61440K, used 54119K [0x0000000082000000, 0x0000000100000000)
  region size 1024K, 21 young (21504K), 3 survivors (3072K)
 Metaspace       used 69983K, committed 70656K, reserved 1114112K
  class space    used 7811K, committed 8128K, reserved 1048576K
}
Event: 7.114 GC heap after
{Heap after GC invocations=21 (full 0):
 garbage-first heap   total reserved 2064384K, committed 61440K, used 36902K [0x0000000082000000, 0x0000000100000000)
  region size 1024K, 2 young (2048K), 2 survivors (2048K)
 Metaspace       used 69983K, committed 70656K, reserved 1114112K
  class space    used 7811K, committed 8128K, reserved 1048576K
}

